Unity Editor version:    2020.3.30f1 (1fb1bf06830e)
Branch:                  2020.3/staging
Build type:              Release
Batch mode:              YES
macOS version:           Version 12.1 (Build 21C52)
Darwin version:          21.2.0
Architecture:            x86_64
Running under Rosetta:   NO
Available memory:        16384 MB
Using pre-set license
Pro License: NO

COMMAND LINE ARGUMENTS:
/Applications/Unity/Hub/Editor/2020.3.30f1/Unity.app/Contents/MacOS/Unity
-adb2
-batchMode
-noUpm
-name
AssetImportWorker0
-projectPath
/Users/morten/fusetools/react-native-unity-demo/unity/Cube
-logFile
Logs/AssetImportWorker0.log
-srvPort
60284
Successfully changed project path to: /Users/morten/fusetools/react-native-unity-demo/unity/Cube
/Users/morten/fusetools/react-native-unity-demo/unity/Cube
Using Asset Import Pipeline V2.
OpenGLES2 and OpenGLES3 have been deprecated on iOS.
Refreshing native plugins compatible for Editor in 217.95 ms, found 2 plugins.
Preloading 0 native plugins for Editor in 0.00 ms.
Initialize engine version: 2020.3.30f1 (1fb1bf06830e)
[Subsystems] Discovering subsystems at path /Applications/Unity/Hub/Editor/2020.3.30f1/Unity.app/Contents/Resources/UnitySubsystems
[Subsystems] Discovering subsystems at path /Users/morten/fusetools/react-native-unity-demo/unity/Cube/Assets
GfxDevice: creating device client; threaded=0
2022-03-16 13:09:35.912 Unity[20097:454709] Q2789 preferred device: AMD Radeon Pro 5300M (high power)
2022-03-16 13:09:35.912 Unity[20097:454709] Metal devices available: 2
2022-03-16 13:09:35.913 Unity[20097:454709] 0: AMD Radeon Pro 5300M (high power)
2022-03-16 13:09:35.913 Unity[20097:454709] 1: Intel(R) UHD Graphics 630 (low power)
2022-03-16 13:09:35.914 Unity[20097:454709] Using device AMD Radeon Pro 5300M (high power)
Initializing Metal device caps: AMD Radeon Pro 5300M
Initialize mono
Mono path[0] = '/Applications/Unity/Hub/Editor/2020.3.30f1/Unity.app/Contents/Managed'
Mono path[1] = '/Applications/Unity/Hub/Editor/2020.3.30f1/Unity.app/Contents/MonoBleedingEdge/lib/mono/unityjit'
Mono config path = '/Applications/Unity/Hub/Editor/2020.3.30f1/Unity.app/Contents/MonoBleedingEdge/etc'
Using monoOptions --debugger-agent=transport=dt_socket,embedding=1,server=y,suspend=n,address=127.0.0.1:56097
Begin MonoManager ReloadAssembly
Registering precompiled unity dll's ...
Register platform support module: /Applications/Unity/Hub/Editor/2020.3.30f1/PlaybackEngines/WebGLSupport/UnityEditor.WebGL.Extensions.dll
Register platform support module: /Applications/Unity/Hub/Editor/2020.3.30f1/Unity.app/Contents/PlaybackEngines/MacStandaloneSupport/UnityEditor.OSXStandalone.Extensions.dll
Registered in 0.003910 seconds.
Native extension for OSXStandalone target not found
Native extension for WebGL target not found
Refreshing native plugins compatible for Editor in 202.53 ms, found 2 plugins.
Preloading 0 native plugins for Editor in 0.00 ms.
Mono: successfully reloaded assembly
- Completed reload, in  3.170 seconds
Domain Reload Profiling:
	ReloadAssembly (3171ms)
		BeginReloadAssembly (276ms)
			ExecutionOrderSort (0ms)
			DisableScriptedObjects (0ms)
			BackupInstance (0ms)
			ReleaseScriptingObjects (0ms)
			CreateAndSetChildDomain (3ms)
		EndReloadAssembly (2540ms)
			LoadAssemblies (277ms)
			RebuildTransferFunctionScriptingTraits (0ms)
			SetupTypeCache (904ms)
			ReleaseScriptCaches (0ms)
			RebuildScriptCaches (191ms)
			SetupLoadedEditorAssemblies (1004ms)
				LogAssemblyErrors (0ms)
				InitializePlatformSupportModulesInManaged (24ms)
				SetLoadedEditorAssemblies (1ms)
				RefreshPlugins (203ms)
				BeforeProcessingInitializeOnLoad (40ms)
				ProcessInitializeOnLoadAttributes (581ms)
				ProcessInitializeOnLoadMethodAttributes (154ms)
				AfterProcessingInitializeOnLoad (0ms)
				EditorAssembliesLoaded (1ms)
			ExecutionOrderSort2 (0ms)
			AwakeInstancesAfterBackupRestoration (0ms)
Platform modules already initialized, skipping
Registering precompiled user dll's ...
Registered in 0.009815 seconds.
Begin MonoManager ReloadAssembly
Native extension for OSXStandalone target not found
Native extension for WebGL target not found
Refreshing native plugins compatible for Editor in 2.16 ms, found 2 plugins.
Preloading 0 native plugins for Editor in 0.00 ms.
Mono: successfully reloaded assembly
- Completed reload, in  5.459 seconds
Domain Reload Profiling:
	ReloadAssembly (5462ms)
		BeginReloadAssembly (684ms)
			ExecutionOrderSort (0ms)
			DisableScriptedObjects (23ms)
			BackupInstance (0ms)
			ReleaseScriptingObjects (0ms)
			CreateAndSetChildDomain (93ms)
		EndReloadAssembly (4494ms)
			LoadAssemblies (395ms)
			RebuildTransferFunctionScriptingTraits (0ms)
			SetupTypeCache (1513ms)
			ReleaseScriptCaches (1ms)
			RebuildScriptCaches (327ms)
			SetupLoadedEditorAssemblies (1747ms)
				LogAssemblyErrors (0ms)
				InitializePlatformSupportModulesInManaged (26ms)
				SetLoadedEditorAssemblies (2ms)
				RefreshPlugins (2ms)
				BeforeProcessingInitializeOnLoad (301ms)
				ProcessInitializeOnLoadAttributes (1188ms)
				ProcessInitializeOnLoadMethodAttributes (220ms)
				AfterProcessingInitializeOnLoad (6ms)
				EditorAssembliesLoaded (1ms)
			ExecutionOrderSort2 (0ms)
			AwakeInstancesAfterBackupRestoration (33ms)
Platform modules already initialized, skipping
Validating Project structure ... 0.002486 seconds.
Shader import version has changed; will reimport all shaders...
Upgrading shader files ...0.003027 seconds.
Application.AssetDatabase Initial Script Refresh Start
RefreshInfo: InitialScriptRefreshV2(NoUpdateAssetOptions) scanfilter:  ... 1 filters
RefreshProfiler: Total: 0.000ms
Application.AssetDatabase Initial Script Refresh End
Application.AssetDatabase.Refresh Start
Application.AssetDatabase.Refresh End
RefreshInfo: StopAssetImportingV2(ForceSynchronousImport) scanfilter: 
RefreshProfiler: Total: 0.000ms
Launching external process: /Applications/Unity/Hub/Editor/2020.3.30f1/Unity.app/Contents/Tools/UnityShaderCompiler
Launched and connected shader compiler UnityShaderCompiler after 0.05 seconds
Initializing Unity extensions:
2022-03-16 13:09:50.635 Unity[20097:454709] NSEventModifierFlagFunction specified to -setKeyEquivalentModifierMask: for item <NSMenuItem: 0x600002b08a10 Font Asset, ke='Command-F12'>, but is only supported for system-provided menu items; will not be used
2022-03-16 13:09:50.661 Unity[20097:454709] NSEventModifierFlagFunction specified to -setKeyEquivalentModifierMask: for item <NSMenuItem: 0x600002b187e0 Font Asset, ke='Command-F12'>, but is only supported for system-provided menu items; will not be used
========================================================================
Worker process is ready to serve import requests
OpenGLES2 and OpenGLES3 have been deprecated on iOS.
Refreshing native plugins compatible for Editor in 2.52 ms, found 2 plugins.
Preloading 0 native plugins for Editor in 0.00 ms.
Unloading 2134 Unused Serialized files (Serialized files now loaded: 0)
System memory in use before: 196.7 MB.
System memory in use after: 195.9 MB.

Unloading 137 unused Assets to reduce memory usage. Loaded Objects now: 2579.
Total: 33.381107 ms (FindLiveObjects: 0.526611 ms CreateObjectMapping: 0.480008 ms MarkObjects: 30.410189 ms  DeleteObjects: 1.961036 ms)

AssetImportParameters requested are different than current active one (requested -> active):
  custom:video-decoder-ogg-theora: a1e56fd34408186e4bbccfd4996cb3dc -> 
  custom:container-muxer-webm: aa71ff27fc2769a1b78a27578f13a17b -> 
  custom:container-demuxer-webm: 4f35f7cbe854078d1ac9338744f61a02 -> 
  custom:container-demuxer-ogg: 62fdf1f143b41e24485cea50d1cbac27 -> 
  custom:video-encoder-webm-vp8: eb34c28f22e8b96e1ab97ce403110664 -> 
  custom:framework-osx-AVFoundation: e770b220cccbd017edd2c1fefb359320 -> 
  custom:video-decoder-webm-vp8: 9c59270c3fd7afecdb556c50c9e8de78 -> 
  custom:audio-decoder-ogg-vorbis: bf7c407c2cedff20999df2af8eb42d56 -> 
  custom:audio-encoder-webm-vorbis: bf7c407c2cedff20999df2af8eb42d56 -> 
========================================================================
Received Import Request.
  path: Assets/Resources
  artifactKey: Guid(7b01d1ab3a7c24382bd25bbf94552f32) Importer(815301076,1909f56bfc062723c751e8b465ee728b)
Start importing Assets/Resources using Guid(7b01d1ab3a7c24382bd25bbf94552f32) Importer(815301076,1909f56bfc062723c751e8b465ee728b)  -> (artifact id: '971fd7a9bd9bb5fe0b1bca48b4146fe7') in 0.013441 seconds 
========================================================================
Received Import Request.
  Time since last request: 0.001288 seconds.
  path: Assets/Scripts/Editor
  artifactKey: Guid(612b978e891bd8842b9976d20bcfaf7f) Importer(815301076,1909f56bfc062723c751e8b465ee728b)
Start importing Assets/Scripts/Editor using Guid(612b978e891bd8842b9976d20bcfaf7f) Importer(815301076,1909f56bfc062723c751e8b465ee728b)  -> (artifact id: '6a64c88ef5f62f636e676b56e874b1e2') in 0.005529 seconds 
========================================================================
Received Import Request.
  Time since last request: 0.000774 seconds.
  path: Assets/Resources/BillingMode.json
  artifactKey: Guid(8d15356351b8844d884d88ad54ae8d18) Importer(815301076,1909f56bfc062723c751e8b465ee728b)
Start importing Assets/Resources/BillingMode.json using Guid(8d15356351b8844d884d88ad54ae8d18) Importer(815301076,1909f56bfc062723c751e8b465ee728b)  -> (artifact id: '84b9124f2b567b8f3044c39115a8845f') in 5.703348 seconds 
========================================================================
Received Import Request.
  Time since last request: 0.000884 seconds.
  path: Assets/Scripts/UnityMessageManager.cs
  artifactKey: Guid(c8985e9f06c4b2c46a214534be4386d4) Importer(815301076,1909f56bfc062723c751e8b465ee728b)
Start importing Assets/Scripts/UnityMessageManager.cs using Guid(c8985e9f06c4b2c46a214534be4386d4) Importer(815301076,1909f56bfc062723c751e8b465ee728b)  -> (artifact id: '0ce1481396764ddc65e8486d79a33e06') in 1.241184 seconds 
